2021-05-25 19:31:32,746 | NavigationSystem - INFO - Initializing Navigation Computer
2021-05-25 19:31:32,746 | NavigationSystem - INFO - Setting up serial handler
2021-05-25 19:31:32,746 | NavigationSystem - DEBUG - Available serial ports ['COM7 - USB Serial Device (COM7)', 'COM6 - Standard Serial over Bluetooth link (COM6)']
2021-05-25 19:31:32,746 | NavigationSystem - INFO - Setting up flight controller
2021-05-25 19:31:32,768 | NavigationSystem - INFO - b'INFO: Setting mode to -> UNINITIALIZED\r\n'
2021-05-25 19:31:33,768 | NavigationSystem - INFO - b'INFO: Setting mode to -> INITIALIZATION\r\n'
2021-05-25 19:31:33,808 | NavigationSystem - INFO - b'INFO: MPU6050 initialization...\r\n'
2021-05-25 19:31:33,809 | NavigationSystem - INFO - b'INFO: Initializing DMP...\r\n'
2021-05-25 19:31:33,809 | NavigationSystem - INFO - b'\n'
2021-05-25 19:31:33,809 | NavigationSystem - INFO - b'\n'
2021-05-25 19:31:33,810 | NavigationSystem - INFO - b'Resetting MPU6050...\r\n'
2021-05-25 19:31:33,839 | NavigationSystem - INFO - b'Checking hardware revision...\r\n'
2021-05-25 19:31:33,839 | NavigationSystem - INFO - b'Revision @ user[16][6] = 0\r\n'
2021-05-25 19:31:33,840 | NavigationSystem - INFO - b'Resetting memory bank selection to 0...\r\n'
2021-05-25 19:31:33,841 | NavigationSystem - INFO - b'Reading OTP bank valid flag...\r\n'
2021-05-25 19:31:33,841 | NavigationSystem - INFO - b'OTP bank is invalid!\r\n'
2021-05-25 19:31:33,842 | NavigationSystem - INFO - b'Setting slave 0 address to 0x7F...\r\n'
2021-05-25 19:31:33,843 | NavigationSystem - INFO - b'Disabling I2C Master mode...\r\n'
2021-05-25 19:31:33,844 | NavigationSystem - INFO - b'Setting slave 0 address to 0x68 (self)...\r\n'
2021-05-25 19:31:33,845 | NavigationSystem - INFO - b'Resetting I2C Master control...\r\n'
2021-05-25 19:31:33,859 | NavigationSystem - INFO - b'Setting clock source to Z Gyro...\r\n'
2021-05-25 19:31:33,860 | NavigationSystem - INFO - b'Setting DMP and FIFO_OFLOW interrupts enabled...\r\n'
2021-05-25 19:31:33,861 | NavigationSystem - INFO - b'Setting sample rate to 1Khz...\r\n'
2021-05-25 19:31:33,862 | NavigationSystem - INFO - b'Setting external frame sync to TEMP_OUT_L[0]...\r\n'
2021-05-25 19:31:33,863 | NavigationSystem - INFO - b'Setting DLPF bandwidth to 42Hz...\r\n'
2021-05-25 19:31:33,864 | NavigationSystem - INFO - b'Setting gyro sensitivity to +/- 2000 deg/sec...\r\n'
2021-05-25 19:31:33,865 | NavigationSystem - INFO - b'Writing DMP code to MPU memory banks (1929 bytes)\r\n'
2021-05-25 19:31:33,917 | NavigationSystem - INFO - b'Success! DMP code written and verified.\r\n'
2021-05-25 19:31:33,918 | NavigationSystem - INFO - b'Clearing OTP Bank flag...\r\n'
2021-05-25 19:31:33,919 | NavigationSystem - INFO - b'Setting motion detection threshold to 2...\r\n'
2021-05-25 19:31:33,920 | NavigationSystem - INFO - b'Setting zero-motion detection threshold to 156...\r\n'
2021-05-25 19:31:33,922 | NavigationSystem - INFO - b'Setting motion detection duration to 80...\r\n'
2021-05-25 19:31:33,923 | NavigationSystem - INFO - b'Setting zero-motion detection duration to 0...\r\n'
2021-05-25 19:31:33,923 | NavigationSystem - INFO - b'Enabling FIFO...\r\n'
2021-05-25 19:31:33,924 | NavigationSystem - INFO - b'Resetting DMP...\r\n'
2021-05-25 19:31:33,925 | NavigationSystem - INFO - b'DMP is good to go! Finally.\r\n'
2021-05-25 19:31:33,926 | NavigationSystem - INFO - b'Disabling DMP (you turn it on later)...\r\n'
2021-05-25 19:31:33,928 | NavigationSystem - INFO - b'Setting up internal 42-byte (default) DMP packet buffer...\r\n'
2021-05-25 19:31:33,929 | NavigationSystem - INFO - b'Resetting FIFO and clearing INT status one last time...\r\n'
2021-05-25 19:31:35,469 | NavigationSystem - INFO - b'>**......>......\n'
2021-05-25 19:31:35,470 | NavigationSystem - INFO - b'//           X Accel  Y Accel  Z Accel   X Gyro   Y Gyro   Z Gyro\n'
2021-05-25 19:31:35,472 | NavigationSystem - INFO - b'//OFFSETS    -5968,   -5736,   10194,     -23,      20,      -2\n'
2021-05-25 19:31:35,472 | NavigationSystem - INFO - b'\n'
2021-05-25 19:31:35,472 | NavigationSystem - INFO - b'\n'
2021-05-25 19:31:35,473 | NavigationSystem - INFO - b'INFO: Enabling DMP...\r\n'
2021-05-25 19:31:35,473 | NavigationSystem - INFO - b'INFO: DMP ready!\r\n'
2021-05-25 19:31:35,578 | NavigationSystem - INFO - b'INFO: Barometer Sampling Settings SET\r\n'
2021-05-25 19:31:35,578 | NavigationSystem - INFO - b'INFO: Calculating IMU error...\r\n'
2021-05-25 19:31:54,383 | NavigationSystem - INFO - b'INFO: Calibrating Attitude. Warming up madgwick filter...\r\n'
2021-05-25 19:32:10,071 | NavigationSystem - INFO - b'INFO: Calibration Complete\n'
2021-05-25 19:32:10,072 | NavigationSystem - INFO - Arming flight controller
2021-05-25 19:32:10,072 | NavigationSystem - INFO - b'\r\n'
2021-05-25 19:32:11,232 | NavigationSystem - INFO - b'INFO: Setting mode to -> ACTIVE\r\n'
2021-05-25 19:32:11,236 | NavigationSystem - INFO - b'INFO: Current mode =4\r\n'
